<?xml version="1.0" ?>
<!DOCTYPE coverage SYSTEM 'http://cobertura.sourceforge.net/xml/coverage-04.dtd'>
<coverage line-rate="0.711" lines-covered="27" lines-valid="38" branch-rate="1.0" branches-covered="1.0" branches-rate="1.0" complexity="1.0" version="1.9" timestamp="1622816511">
	<sources>
		<source>/Users/michele.brissoni@ibm.com/ProgettiGit/UndeadGrishnackh/GitHubPullRequestScanner/</source>
	</sources>
	<packages>
		<package name="checkMyPullRequests" line-rate="0.711" lines-covered="27" lines-valid="38" branch-rate="1.0" complexity="1.0">
			<classes>
				<class name="checkMyPullRequests_sh" filename="src/checkMyPullRequests.sh" branch-rate="1.0" complexity="1.0" line-rate="0.593">
					<lines>
						<line number="4" hits="1"/>
						<line number="5" hits="0"/>
						<line number="6" hits="0"/>
						<line number="7" hits="0"/>
						<line number="9" hits="1"/>
						<line number="10" hits="1"/>
						<line number="11" hits="0"/>
						<line number="15" hits="1"/>
						<line number="16" hits="0"/>
						<line number="17" hits="0"/>
						<line number="18" hits="0"/>
						<line number="20" hits="1"/>
						<line number="21" hits="1"/>
						<line number="38" hits="1"/>
						<line number="39" hits="1"/>
						<line number="40" hits="1"/>
						<line number="41" hits="1"/>
						<line number="48" hits="1"/>
						<line number="49" hits="23"/>
						<line number="50" hits="22"/>
						<line number="51" hits="22"/>
						<line number="52" hits="0"/>
						<line number="53" hits="0"/>
						<line number="55" hits="22"/>
						<line number="56" hits="0"/>
						<line number="57" hits="0"/>
						<line number="58" hits="1"/>
					</lines>
				</class>
				<class name="checkMyPullRequests" filename="bin/checkMyPullRequests" branch-rate="1.0" complexity="1.0" line-rate="1.000">
					<lines>
						<line number="2" hits="4"/>
						<line number="3" hits="4"/>
						<line number="4" hits="2"/>
						<line number="6" hits="2"/>
						<line number="8" hits="2"/>
						<line number="9" hits="2"/>
						<line number="10" hits="2"/>
						<line number="11" hits="2"/>
						<line number="12" hits="2"/>
						<line number="14" hits="2"/>
						<line number="15" hits="2"/>
					</lines>
				</class>
			</classes>
		</package>
	</packages>
</coverage>
