<?xml version="1.0" ?>
<!DOCTYPE coverage SYSTEM 'http://cobertura.sourceforge.net/xml/coverage-04.dtd'>
<coverage line-rate="0.000" lines-covered="0" lines-valid="27" branch-rate="1.0" branches-covered="1.0" branches-rate="1.0" complexity="1.0" version="1.9" timestamp="1622634168">
	<sources>
		<source>/Users/michele.brissoni@ibm.com/ProgettiGit/UndeadGrishnackh/GitHubPullRequestScanner</source>
	</sources>
	<packages>
		<package name="shellspec spec" line-rate="0.000" lines-covered="0" lines-valid="27" branch-rate="1.0" complexity="1.0">
			<classes>
				<class name="checkMyPullRequests_sh" filename="src/checkMyPullRequests.sh" branch-rate="1.0" complexity="1.0" line-rate="0.000">
					<lines>
						<line number="2" hits="0"/>
						<line number="3" hits="0"/>
						<line number="4" hits="0"/>
						<line number="5" hits="0"/>
						<line number="6" hits="0"/>
						<line number="7" hits="0"/>
						<line number="9" hits="0"/>
						<line number="12" hits="0"/>
						<line number="13" hits="0"/>
						<line number="14" hits="0"/>
						<line number="15" hits="0"/>
						<line number="17" hits="0"/>
						<line number="18" hits="0"/>
						<line number="19" hits="0"/>
						<line number="20" hits="0"/>
						<line number="21" hits="0"/>
						<line number="22" hits="0"/>
						<line number="24" hits="0"/>
						<line number="26" hits="0"/>
					</lines>
				</class>
				<class name="test_sh" filename="test.sh" branch-rate="1.0" complexity="1.0" line-rate="0.000">
					<lines>
						<line number="2" hits="0"/>
						<line number="3" hits="0"/>
						<line number="6" hits="0"/>
						<line number="9" hits="0"/>
						<line number="10" hits="0"/>
						<line number="11" hits="0"/>
						<line number="12" hits="0"/>
						<line number="13" hits="0"/>
					</lines>
				</class>
			</classes>
		</package>
	</packages>
</coverage>
