<?xml version="1.0" ?>
<!DOCTYPE coverage SYSTEM 'http://cobertura.sourceforge.net/xml/coverage-04.dtd'>
<coverage line-rate="0.000" lines-covered="0" lines-valid="33" branch-rate="1.0" branches-covered="1.0" branches-rate="1.0" complexity="1.0" version="1.9" timestamp="1622713850">
	<sources>
		<source>/Users/michele.brissoni@ibm.com/ProgettiGit/UndeadGrishnackh/GitHubPullRequestScanner/src/checkMyPullRequests.sh/</source>
	</sources>
	<packages>
		<package name="checkMyPullRequests_sh" line-rate="0.000" lines-covered="0" lines-valid="33" branch-rate="1.0" complexity="1.0">
			<classes>
				<class name="checkMyPullRequests_sh" filename="/Users/michele.brissoni@ibm.com/ProgettiGit/UndeadGrishnackh/GitHubPullRequestScanner/src/checkMyPullRequests.sh" branch-rate="1.0" complexity="1.0" line-rate="0.000">
					<lines>
						<line number="4" hits="0"/>
						<line number="5" hits="0"/>
						<line number="6" hits="0"/>
						<line number="7" hits="0"/>
						<line number="9" hits="0"/>
						<line number="10" hits="0"/>
						<line number="15" hits="0"/>
						<line number="16" hits="0"/>
						<line number="17" hits="0"/>
						<line number="18" hits="0"/>
						<line number="20" hits="0"/>
						<line number="21" hits="0"/>
						<line number="26" hits="0"/>
						<line number="27" hits="0"/>
						<line number="28" hits="0"/>
						<line number="29" hits="0"/>
						<line number="31" hits="0"/>
						<line number="32" hits="0"/>
						<line number="37" hits="0"/>
						<line number="41" hits="0"/>
						<line number="45" hits="0"/>
						<line number="49" hits="0"/>
						<line number="50" hits="0"/>
						<line number="51" hits="0"/>
						<line number="52" hits="0"/>
						<line number="56" hits="0"/>
						<line number="57" hits="0"/>
						<line number="58" hits="0"/>
						<line number="59" hits="0"/>
						<line number="60" hits="0"/>
						<line number="61" hits="0"/>
						<line number="63" hits="0"/>
						<line number="65" hits="0"/>
					</lines>
				</class>
			</classes>
		</package>
	</packages>
</coverage>
