<?xml version="1.0" ?>
<!DOCTYPE coverage SYSTEM 'http://cobertura.sourceforge.net/xml/coverage-04.dtd'>
<coverage line-rate="0.789" lines-covered="15" lines-valid="19" branch-rate="1.0" branches-covered="1.0" branches-rate="1.0" complexity="1.0" version="1.9" timestamp="1622630617">
	<sources>
		<source>/Users/michele.brissoni@ibm.com/ProgettiGit/UndeadGrishnackh/GitHubPullRequestScanner/src/checkMyPullRequests.sh/</source>
	</sources>
	<packages>
		<package name="checkMyPullRequests_sh" line-rate="0.789" lines-covered="15" lines-valid="19" branch-rate="1.0" complexity="1.0">
			<classes>
				<class name="checkMyPullRequests_sh" filename="/Users/michele.brissoni@ibm.com/ProgettiGit/UndeadGrishnackh/GitHubPullRequestScanner/src/checkMyPullRequests.sh" branch-rate="1.0" complexity="1.0" line-rate="0.789">
					<lines>
						<line number="2" hits="1"/>
						<line number="3" hits="1"/>
						<line number="4" hits="1"/>
						<line number="5" hits="0"/>
						<line number="6" hits="0"/>
						<line number="7" hits="0"/>
						<line number="9" hits="1"/>
						<line number="12" hits="1"/>
						<line number="13" hits="1"/>
						<line number="14" hits="1"/>
						<line number="15" hits="1"/>
						<line number="17" hits="1"/>
						<line number="18" hits="23"/>
						<line number="19" hits="22"/>
						<line number="20" hits="66"/>
						<line number="21" hits="22"/>
						<line number="22" hits="1"/>
						<line number="24" hits="21"/>
						<line number="26" hits="0"/>
					</lines>
				</class>
			</classes>
		</package>
	</packages>
</coverage>
